Arguments: 
  /Users/deenath/.nvm/versions/node/v8.10.0/bin/node /usr/local/Cellar/yarn/1.5.1/libexec/bin/yarn.js upgrade bootstrap

PATH: 
  /Users/deenath/.nvm/versions/node/v8.10.0/bin:/usr/local/bin:/usr/bin:/bin:/usr/sbin:/sbin

Yarn version: 
  1.5.1

Node version: 
  8.10.0

Platform: 
  darwin x64

npm manifest: 
  {
    "name": "nida_stay",
    "version": "1.0.0",
    "description": "NidaStay Backend repository",
    "main": "app.js",
    "scripts": {
      "dev": "cross-env ENV=local nodemon -e ts --exec \"npm run restart\"",
      "testing": "grunt && cross-env ENV=testing forever start ./bin/www",
      "staging": "grunt && cross-env ENV=staging forever start ./bin/www",
      "prod": "grunt && cross-env ENV=production forever start ./bin/www",
      "grunt": "grunt",
      "start": "cross-env ENV=staging node ./bin/www",
      "restart": "grunt && cross-env ENV=local node ./bin/www",
      "watch-jscss": "grunt watch"
    },
    "repository": {
      "type": "git",
      "url": "git+https://bitbucket.org/nidastay/nida-stay.git"
    },
    "private": true,
    "author": "Devaraj",
    "license": "ISC",
    "homepage": "https://bitbucket.org/nidastay/nida-stay#readme",
    "dependencies": {
      "@sendgrid/mail": "^6.1.4",
      "@types/express-session": "^1.15.3",
      "async": "^2.5.0",
      "async-parallel": "^1.2.3",
      "aws-sdk": "^2.78.0",
      "bcrypt-nodejs": "0.0.3",
      "bcryptjs": "^2.4.3",
      "body-parser": "^1.17.2",
      "connect": "^3.6.3",
      "connect-flash": "*",
      "cookie-parser": "^1.4.3",
      "errorhandler": "^1.5.0",
      "express": "^4.15.3",
      "express-fileupload": "^0.1.4",
      "express-handlebars": "*",
      "express-messages": "*",
      "express-session": "^1.15.5",
      "express-sessions": "*",
      "express-validation": "^1.0.2",
      "express-validator": "^3.2.1",
      "forever": "^0.15.3",
      "gm": "^1.23.0",
      "handlebars-helpers": "^0.9.4",
      "html-entities": "^1.2.1",
      "html-pdf": "^2.2.0",
      "in_array": "^1.1.0",
      "jwt-express": "^1.1.0",
      "knex": "^0.13.0",
      "method-override": "^2.3.9",
      "moment": "^2.18.1",
      "moment-timezone": "^0.5.13",
      "mongo-datatable": "^1.1.0",
      "mongodb": "^2.2.29",
      "mongoose": "^4.11.0",
      "monk": "^6.0.1",
      "morgan": "^1.8.2",
      "multer": "^1.3.0",
      "mysql2": "^1.4.2",
      "node-gyp": "^3.6.2",
      "node-image-resize": "0.0.2",
      "node-sass": "^4.5.3",
      "nodemon": "^1.11.0",
      "objection": "^0.8.8",
      "passport": "*",
      "passport-http": "*",
      "passport-local": "*",
      "paypal-rest-sdk": "^1.7.1",
      "phantom": "^4.0.12",
      "randomstring": "^1.1.5",
      "rebuild": "^0.1.2",
      "request": "^2.81.0",
      "request-promise": "^4.2.1",
      "s3-public-url": "^1.0.0",
      "slash": "^1.0.0",
      "to-words": "^1.0.3",
      "uuid": "^3.1.0",
      "xlsx": "^0.11.5"
    },
    "devDependencies": {
      "@types/body-parser": "^1.16.4",
      "@types/cookie-parser": "^1.3.30",
      "@types/errorhandler": "0.0.30",
      "@types/method-override": "0.0.29",
      "@types/morgan": "^1.7.32",
      "@types/node": "^8.0.4",
      "cross-env": "^5.0.5",
      "express-handlebars": "^3.0.0",
      "grunt": "^1.0.1",
      "grunt-contrib-copy": "^1.0.0",
      "grunt-contrib-sass": "^1.0.0",
      "grunt-contrib-watch": "^1.0.0",
      "grunt-ts": "^6.0.0-beta.16",
      "nodemon": "^1.11.0",
      "npm-run-all": "^4.0.2",
      "typescript": "^2.4.1"
    }
  }

yarn manifest: 
  No manifest

Lockfile: 
  No lockfile

Trace: 
  Error: No lockfile in this directory. Run `yarn install` to generate one.
      at new MessageError (/usr/local/Cellar/yarn/1.5.1/libexec/lib/cli.js:186:110)
      at /usr/local/Cellar/yarn/1.5.1/libexec/lib/cli.js:89389:13
      at <anonymous>
